<?xml version="1.0" encoding="UTF-8"?>
<testsuite name="org.example.AppTest" tests="1" skipped="0" failures="0" errors="0" timestamp="2024-09-04T12:40:53" hostname="CHIENHOW" time="0.004">
  <properties/>
  <testcase name="appHasAGreeting" classname="org.example.AppTest" time="0.004"/>
  <system-out><![CDATA[]]></system-out>
  <system-err><![CDATA[]]></system-err>
</testsuite>
